fetching XIN_ENG_20041113.0001
fetching APW_ENG_20041118.0081
fetching LTW_ENG_20041118.0101
fetching APW_ENG_20041118.0129
fetching APW_ENG_20041119.0095
fetching LTW_ENG_20041123.0130
fetching AFP_ENG_20050119.0019
fetching AFP_ENG_20050312.0019
fetching APW_ENG_20050321.0478
fetching APW_ENG_20050408.0034
fetching APW_ENG_20041011.0452
fetching APW_ENG_20041017.0142
fetching LTW_ENG_20041025.0079
fetching NYT_ENG_20041130.0307
fetching LTW_ENG_20050104.0119
fetching LTW_ENG_20050107.0099
fetching APW_ENG_20050116.0677
fetching LTW_ENG_20050128.0086
fetching NYT_ENG_20050211.0115
fetching AFP_ENG_20050303.0593
fetching APW_ENG_20050902.0312
fetching NYT_ENG_20050909.0382
fetching AFP_ENG_20050913.0529
fetching LTW_ENG_20050916.0063
fetching CNA_ENG_20050926.0032
fetching AFP_ENG_20050928.0039
fetching XIN_ENG_20050928.0217
fetching NYT_ENG_20051002.0188
fetching NYT_ENG_20051008.0235
fetching XIN_ENG_20051020.0280
fetching NYT_ENG_20050301.0218
fetching APW_ENG_20050509.0484
fetching NYT_ENG_20050801.0089
fetching APW_ENG_20050805.1073
fetching NYT_ENG_20050827.0131
fetching APW_ENG_20050927.1277
fetching LTW_ENG_20051005.0006
fetching AFP_ENG_20051015.0380
fetching APW_ENG_20051016.0057
fetching APW_ENG_20051017.0005
fetching LTW_ENG_20041007.0138
fetching NYT_ENG_20041101.0156
fetching CNA_ENG_20041107.0017
fetching NYT_ENG_20041108.0158
fetching NYT_ENG_20041108.0249
fetching NYT_ENG_20041113.0076
fetching NYT_ENG_20041123.0274
fetching NYT_ENG_20041209.0004
fetching NYT_ENG_20041214.0085
fetching NYT_ENG_20050109.0086
fetching LTW_ENG_20050109.0001
fetching LTW_ENG_20050110.0006
fetching NYT_ENG_20050110.0009
fetching AFP_ENG_20050110.0079
fetching LTW_ENG_20050110.0118
fetching NYT_ENG_20050110.0340
fetching NYT_ENG_20050111.0015
fetching NYT_ENG_20050111.0349
fetching NYT_ENG_20050112.0012
fetching LTW_ENG_20050112.0156
fetching AFP_ENG_20041218.0339
fetching NYT_ENG_20050104.0212
fetching LTW_ENG_20050106.0044
fetching APW_ENG_20050106.0105
fetching LTW_ENG_20050110.0094
fetching LTW_ENG_20050122.0044
fetching LTW_ENG_20050202.0069
fetching NYT_ENG_20050219.0010
fetching LTW_ENG_20050420.0047
fetching LTW_ENG_20050525.0042
fetching LTW_ENG_20050201.0081
fetching XIN_ENG_20050201.0305
fetching AFP_ENG_20050201.0617
fetching APW_ENG_20050201.0632
fetching AFP_ENG_20050201.0644
fetching LTW_ENG_20050202.0105
fetching AFP_ENG_20050202.0608
fetching XIN_ENG_20050203.0210
fetching AFP_ENG_20050203.0293
fetching APW_ENG_20050205.0034
fetching APW_ENG_20050527.0397
fetching AFP_ENG_20050613.0282
fetching AFP_ENG_20050614.0518
fetching APW_ENG_20050615.0538
fetching APW_ENG_20050618.0396
fetching APW_ENG_20050621.0309
fetching AFP_ENG_20050627.0365
fetching AFP_ENG_20050629.0709
fetching AFP_ENG_20050722.0652
fetching AFP_ENG_20050723.0072
fetching AFP_ENG_20041001.0527
fetching XIN_ENG_20041007.0098
fetching AFP_ENG_20041009.0116
fetching XIN_ENG_20041014.0067
fetching XIN_ENG_20041014.0258
fetching XIN_ENG_20041015.0050
fetching XIN_ENG_20041016.0008
fetching XIN_ENG_20041017.0003
fetching XIN_ENG_20041026.0153
fetching XIN_ENG_20041027.0234
fetching AFP_ENG_20050316.0102
fetching APW_ENG_20050316.0582
fetching APW_ENG_20050316.1103
fetching APW_ENG_20050317.0768
fetching APW_ENG_20050318.0720
fetching APW_ENG_20050319.0012
fetching NYT_ENG_20050321.0074
fetching NYT_ENG_20050321.0136
fetching AFP_ENG_20050321.0502
fetching APW_ENG_20050321.0844
fetching LTW_ENG_20050806.0052
fetching NYT_ENG_20050806.0235
fetching APW_ENG_20050807.0002
fetching APW_ENG_20050807.0569
fetching LTW_ENG_20050810.0126
fetching LTW_ENG_20050811.0096
fetching APW_ENG_20050811.0108
fetching LTW_ENG_20050811.0138
fetching APW_ENG_20050811.0241
fetching APW_ENG_20050811.0720
fetching NYT_ENG_20050302.0107
fetching LTW_ENG_20050302.0134
fetching LTW_ENG_20050302.0144
fetching NYT_ENG_20050302.0156
fetching NYT_ENG_20050302.0164
fetching NYT_ENG_20050302.0169
fetching NYT_ENG_20050302.0225
fetching NYT_ENG_20050302.0256
fetching AFP_ENG_20050302.0458
fetching AFP_ENG_20050302.0577
fetching NYT_ENG_20041007.0255
fetching XIN_ENG_20041007.0328
fetching APW_ENG_20041007.0481
fetching AFP_ENG_20041007.0744
fetching AFP_ENG_20041007.0769
fetching AFP_ENG_20041007.0771
fetching AFP_ENG_20041007.0786
fetching AFP_ENG_20041007.0803
fetching AFP_ENG_20041007.0837
fetching AFP_ENG_20041007.0861
fetching AFP_ENG_20050127.0850
fetching XIN_ENG_20050128.0029
fetching AFP_ENG_20050128.0114
fetching AFP_ENG_20050128.0214
fetching AFP_ENG_20050128.0553
fetching LTW_ENG_20050129.0047
fetching AFP_ENG_20050129.0077
fetching AFP_ENG_20050129.0195
fetching AFP_ENG_20050129.0234
fetching AFP_ENG_20050129.0292
fetching AFP_ENG_20060109.0517
fetching AFP_ENG_20060109.0574
fetching AFP_ENG_20060110.0001
fetching AFP_ENG_20060110.0024
fetching AFP_ENG_20060110.0078
fetching AFP_ENG_20060110.0430
fetching APW_ENG_20060111.0159
fetching LTW_ENG_20060117.0137
fetching AFP_ENG_20060117.0612
fetching AFP_ENG_20060117.0629
fetching NYT_ENG_20050417.0145
fetching NYT_ENG_20050417.0157
fetching APW_ENG_20050418.0013
fetching NYT_ENG_20050418.0055
fetching LTW_ENG_20050418.0075
fetching LTW_ENG_20050418.0086
fetching LTW_ENG_20050418.0151
fetching APW_ENG_20050418.0633
fetching APW_ENG_20050418.0828
fetching APW_ENG_20050418.1050
fetching NYT_ENG_20050307.0076
fetching NYT_ENG_20050308.0058
fetching NYT_ENG_20050310.0118
fetching NYT_ENG_20050502.0117
fetching LTW_ENG_20050606.0060
fetching NYT_ENG_20060114.0051
fetching LTW_ENG_20060204.0020
fetching LTW_ENG_20060204.0041
fetching NYT_ENG_20060204.0159
fetching AFP_ENG_20060204.0517
fetching LTW_ENG_20050210.0150
fetching NYT_ENG_20050210.0163
fetching APW_ENG_20050210.0240
fetching APW_ENG_20050210.0327
fetching APW_ENG_20050210.0342
fetching APW_ENG_20050210.0366
fetching APW_ENG_20050210.0384
fetching APW_ENG_20050210.0526
fetching APW_ENG_20050210.0733
fetching APW_ENG_20050210.0892
fetching APW_ENG_20041001.0331
fetching NYT_ENG_20041001.0364
fetching APW_ENG_20041001.0388
fetching AFP_ENG_20041014.0531
fetching NYT_ENG_20041015.0066
fetching APW_ENG_20041108.0295
fetching APW_ENG_20041112.0438
fetching AFP_ENG_20041121.0411
fetching AFP_ENG_20041122.0611
fetching AFP_ENG_20041125.0630
fetching APW_ENG_20041001.0117
fetching APW_ENG_20041016.0047
fetching APW_ENG_20041102.0022
fetching AFP_ENG_20041105.0706
fetching AFP_ENG_20041111.0822
fetching XIN_ENG_20041117.0235
fetching APW_ENG_20041119.0163
fetching AFP_ENG_20041123.0734
fetching AFP_ENG_20041203.0617
fetching AFP_ENG_20041206.0011
fetching NYT_ENG_20041004.0143
fetching APW_ENG_20041025.0389
fetching NYT_ENG_20041026.0202
fetching APW_ENG_20041112.0362
fetching NYT_ENG_20050214.0176
fetching APW_ENG_20050214.0666
fetching APW_ENG_20050317.0771
fetching LTW_ENG_20050322.0139
fetching NYT_ENG_20050322.0262
fetching APW_ENG_20050323.0358
fetching LTW_ENG_20050406.0137
fetching NYT_ENG_20050425.0285
fetching NYT_ENG_20050426.0123
fetching NYT_ENG_20050427.0143
fetching NYT_ENG_20050427.0271
fetching NYT_ENG_20050503.0115
fetching XIN_ENG_20050505.0193
fetching NYT_ENG_20050506.0036
fetching APW_ENG_20050511.0100
fetching APW_ENG_20050511.1183
fetching AFP_ENG_20041001.0380
fetching NYT_ENG_20041004.0309
fetching NYT_ENG_20041006.0378
fetching AFP_ENG_20041007.0512
fetching AFP_ENG_20041008.0499
fetching APW_ENG_20041021.0243
fetching AFP_ENG_20041021.0497
fetching APW_ENG_20041101.0307
fetching AFP_ENG_20041103.0497
fetching NYT_ENG_20041104.0279
fetching NYT_ENG_20050605.0062
fetching APW_ENG_20050606.0057
fetching AFP_ENG_20050606.0063
fetching LTW_ENG_20050606.0159
fetching NYT_ENG_20050606.0194
fetching XIN_ENG_20050606.0245
fetching NYT_ENG_20050606.0333
fetching AFP_ENG_20050606.0574
fetching APW_ENG_20050606.0934
fetching APW_ENG_20050606.1017
fetching NYT_ENG_20050129.0130
fetching AFP_ENG_20050208.0214
fetching AFP_ENG_20050227.0066
fetching NYT_ENG_20050227.0122
fetching AFP_ENG_20050301.0022
fetching APW_ENG_20050301.0141
fetching AFP_ENG_20050301.0473
fetching AFP_ENG_20050301.0581
fetching AFP_ENG_20050301.0669
fetching AFP_ENG_20050301.0755
fetching NYT_ENG_20050405.0089
fetching NYT_ENG_20050405.0152
fetching NYT_ENG_20050405.0268
fetching APW_ENG_20050406.0006
fetching LTW_ENG_20050406.0036
fetching LTW_ENG_20050406.0071
fetching LTW_ENG_20050411.0065
fetching LTW_ENG_20050412.0022
fetching NYT_ENG_20050417.0063
fetching LTW_ENG_20050429.0144
fetching APW_ENG_20041016.0064
fetching APW_ENG_20041102.0036
fetching APW_ENG_20050114.1117
fetching NYT_ENG_20050115.0080
fetching NYT_ENG_20050118.0105
fetching APW_ENG_20050118.1133
fetching NYT_ENG_20050125.0248
fetching NYT_ENG_20050126.0293
fetching LTW_ENG_20050127.0006
fetching NYT_ENG_20050127.0254
fetching XIN_ENG_20050919.0201
fetching NYT_ENG_20050920.0246
fetching AFP_ENG_20050920.0413
fetching AFP_ENG_20050920.0534
fetching AFP_ENG_20050920.0545
fetching AFP_ENG_20050920.0561
fetching AFP_ENG_20050920.0614
fetching AFP_ENG_20050920.0630
fetching AFP_ENG_20050920.0633
fetching AFP_ENG_20050920.0664
fetching NYT_ENG_20041004.0404
fetching AFP_ENG_20050203.0430
fetching NYT_ENG_20050226.0014
fetching NYT_ENG_20050520.0273
fetching LTW_ENG_20050608.0124
fetching AFP_ENG_20050614.0312
fetching APW_ENG_20050630.0563
fetching AFP_ENG_20050708.0536
fetching NYT_ENG_20050725.0132
fetching NYT_ENG_20050818.0382
fetching AFP_ENG_20041117.0216
fetching APW_ENG_20041118.0169
fetching XIN_ENG_20041122.0112
fetching NYT_ENG_20041123.0322
fetching APW_ENG_20041128.0012
fetching AFP_ENG_20041128.0057
fetching LTW_ENG_20041205.0021
fetching NYT_ENG_20041225.0036
fetching NYT_ENG_20050107.0350
fetching AFP_ENG_20050117.0292
fetching XIN_ENG_20041004.0201
fetching APW_ENG_20041120.0058
fetching NYT_ENG_20041120.0116
fetching XIN_ENG_20041130.0023
fetching NYT_ENG_20050127.0002
fetching NYT_ENG_20050203.0018
fetching AFP_ENG_20050223.0381
fetching XIN_ENG_20050228.0018
fetching AFP_ENG_20050304.0359
fetching XIN_ENG_20050310.0030
fetching AFP_ENG_20041021.0262
fetching NYT_ENG_20050116.0120
fetching AFP_ENG_20050202.0511
fetching NYT_ENG_20050215.0078
fetching AFP_ENG_20050217.0251
fetching NYT_ENG_20050321.0117
fetching NYT_ENG_20050328.0087
fetching XIN_ENG_20050506.0104
fetching XIN_ENG_20050606.0239
fetching NYT_ENG_20050704.0065
fetching NYT_ENG_20041108.0035
fetching AFP_ENG_20041109.0160
fetching XIN_ENG_20041109.0206
fetching XIN_ENG_20041109.0219
fetching APW_ENG_20041109.0244
fetching XIN_ENG_20041109.0324
fetching AFP_ENG_20041109.0393
fetching AFP_ENG_20041109.0554
fetching AFP_ENG_20041109.0601
fetching AFP_ENG_20041109.0613
fetching NYT_ENG_20041122.0349
fetching AFP_ENG_20041203.0577
fetching NYT_ENG_20041215.0303
fetching AFP_ENG_20041216.0538
fetching NYT_ENG_20041221.0028
fetching APW_ENG_20041222.0044
fetching AFP_ENG_20050121.0590
fetching NYT_ENG_20050302.0255
fetching NYT_ENG_20050322.0038
fetching LTW_ENG_20050329.0006
fetching XIN_ENG_20050701.0185
fetching AFP_ENG_20050701.0385
fetching AFP_ENG_20050701.0415
fetching AFP_ENG_20050701.0624
fetching AFP_ENG_20050702.0028
fetching NYT_ENG_20050702.0183
fetching AFP_ENG_20050706.0021
fetching AFP_ENG_20050706.0254
fetching APW_ENG_20050709.0647
fetching NYT_ENG_20050714.0088
fetching LTW_ENG_20060212.0053
fetching NYT_ENG_20060212.0196
fetching XIN_ENG_20060212.0242
fetching APW_ENG_20060212.0608
fetching LTW_ENG_20060213.0135
fetching NYT_ENG_20060213.0144
fetching NYT_ENG_20060213.0277
fetching AFP_ENG_20060213.0487
fetching AFP_ENG_20060213.0664
fetching AFP_ENG_20060213.0741
fetching AFP_ENG_20041122.0626
fetching NYT_ENG_20041123.0002
fetching NYT_ENG_20041201.0359
fetching AFP_ENG_20041201.0756
fetching NYT_ENG_20041216.0211
fetching XIN_ENG_20041216.0343
fetching NYT_ENG_20050105.0346
fetching APW_ENG_20050106.0112
fetching APW_ENG_20050226.0636
fetching NYT_ENG_20050302.0320
fetching LTW_ENG_20050126.0115
fetching LTW_ENG_20050126.0117
fetching NYT_ENG_20050126.0234
fetching XIN_ENG_20050126.0287
fetching NYT_ENG_20050126.0303
fetching AFP_ENG_20050126.0676
fetching NYT_ENG_20050127.0003
fetching NYT_ENG_20050127.0004
fetching NYT_ENG_20050127.0214
fetching NYT_ENG_20050127.0350
fetching XIN_ENG_20050622.0194
fetching APW_ENG_20050626.0150
fetching XIN_ENG_20050701.0100
fetching XIN_ENG_20050701.0179
fetching XIN_ENG_20050704.0125
fetching APW_ENG_20050904.0020
fetching APW_ENG_20050908.0042
fetching APW_ENG_20050908.0161
fetching XIN_ENG_20050908.0208
fetching APW_ENG_20050910.0125
fetching NYT_ENG_20041222.0130
fetching NYT_ENG_20041224.0012
fetching APW_ENG_20041224.0096
fetching NYT_ENG_20041224.0141
fetching XIN_ENG_20041224.0228
fetching AFP_ENG_20041224.0396
fetching LTW_ENG_20041225.0002
fetching APW_ENG_20041225.0006
fetching XIN_ENG_20041225.0007
fetching AFP_ENG_20041225.0008
fetching CNA_ENG_20050105.0024
fetching CNA_ENG_20050121.0002
fetching CNA_ENG_20050124.0045
fetching CNA_ENG_20050214.0032
fetching CNA_ENG_20050215.0032
fetching CNA_ENG_20050222.0027
fetching CNA_ENG_20050303.0008
fetching XIN_ENG_20050303.0410
fetching XIN_ENG_20050307.0330
fetching AFP_ENG_20050307.0705
fetching APW_ENG_20041019.0465
fetching AFP_ENG_20041019.0488
fetching APW_ENG_20041101.0367
fetching AFP_ENG_20041101.0711
fetching NYT_ENG_20041102.0198
fetching APW_ENG_20041108.0397
fetching APW_ENG_20041116.0013
fetching APW_ENG_20041204.0008
fetching AFP_ENG_20041204.0020
fetching AFP_ENG_20041205.0062
fetching NYT_ENG_20041001.0042
fetching NYT_ENG_20041002.0181
fetching LTW_ENG_20041003.0006
fetching LTW_ENG_20041003.0021
fetching NYT_ENG_20041003.0113
fetching APW_ENG_20041010.0048
fetching LTW_ENG_20041013.0097
fetching LTW_ENG_20041013.0109
fetching APW_ENG_20041013.0452
fetching AFP_ENG_20041013.0616
finished fetching all the data
