---------------------------------------------
1 ROUGE-1 Average_R: 0.01663 (95%-conf.int. 0.01256 - 0.02072)
1 ROUGE-1 Average_P: 0.02364 (95%-conf.int. 0.01819 - 0.02961)
1 ROUGE-1 Average_F: 0.01935 (95%-conf.int. 0.01477 - 0.02415)
.............................................
1 ROUGE-1 Eval D1001-A.M.100.A.1 R:0.02469 P:0.04054 F:0.03069
1 ROUGE-1 Eval D1002-A.M.100.A.1 R:0.01255 P:0.01630 F:0.01418
1 ROUGE-1 Eval D1003-A.M.100.A.1 R:0.00866 P:0.01220 F:0.01013
1 ROUGE-1 Eval D1004-A.M.100.A.1 R:0.00413 P:0.00735 F:0.00529
1 ROUGE-1 Eval D1005-A.M.100.A.1 R:0.00410 P:0.00500 F:0.00451
1 ROUGE-1 Eval D1006-A.M.100.A.1 R:0.01916 P:0.02778 F:0.02268
1 ROUGE-1 Eval D1007-A.M.100.B.1 R:0.00000 P:0.00000 F:0.00000
1 ROUGE-1 Eval D1008-A.M.100.B.1 R:0.02016 P:0.02451 F:0.02212
1 ROUGE-1 Eval D1009-A.M.100.B.1 R:0.03097 P:0.02734 F:0.02904
1 ROUGE-1 Eval D1010-A.M.100.B.1 R:0.00000 P:0.00000 F:0.00000
1 ROUGE-1 Eval D1011-A.M.100.C.1 R:0.00000 P:0.00000 F:0.00000
1 ROUGE-1 Eval D1012-A.M.100.C.1 R:0.02033 P:0.04310 F:0.02763
1 ROUGE-1 Eval D1013-A.M.100.C.1 R:0.03614 P:0.06250 F:0.04580
1 ROUGE-1 Eval D1014-A.M.100.C.1 R:0.02510 P:0.03409 F:0.02891
1 ROUGE-1 Eval D1015-A.M.100.C.1 R:0.01509 P:0.02174 F:0.01781
1 ROUGE-1 Eval D1016-A.M.100.C.1 R:0.01794 P:0.02381 F:0.02046
1 ROUGE-1 Eval D1017-A.M.100.D.1 R:0.00000 P:0.00000 F:0.00000
1 ROUGE-1 Eval D1018-A.M.100.D.1 R:0.00837 P:0.01064 F:0.00937
1 ROUGE-1 Eval D1019-A.M.100.D.1 R:0.01667 P:0.03846 F:0.02326
1 ROUGE-1 Eval D1020-A.M.100.D.1 R:0.00413 P:0.00781 F:0.00540
1 ROUGE-1 Eval D1021-A.M.100.D.1 R:0.04237 P:0.05435 F:0.04762
1 ROUGE-1 Eval D1022-A.M.100.D.1 R:0.00418 P:0.00735 F:0.00533
1 ROUGE-1 Eval D1023-A.M.100.E.1 R:0.01653 P:0.02128 F:0.01861
1 ROUGE-1 Eval D1024-A.M.100.E.1 R:0.05000 P:0.06383 F:0.05607
1 ROUGE-1 Eval D1025-A.M.100.E.1 R:0.01327 P:0.01596 F:0.01449
1 ROUGE-1 Eval D1026-A.M.100.E.1 R:0.00427 P:0.00781 F:0.00552
1 ROUGE-1 Eval D1027-A.M.100.E.1 R:0.00397 P:0.00658 F:0.00495
1 ROUGE-1 Eval D1028-A.M.100.E.1 R:0.05417 P:0.07558 F:0.06311
1 ROUGE-1 Eval D1029-A.M.100.F.1 R:0.01250 P:0.01339 F:0.01293
1 ROUGE-1 Eval D1030-A.M.100.F.1 R:0.03968 P:0.05102 F:0.04464
1 ROUGE-1 Eval D1031-A.M.100.F.1 R:0.01224 P:0.01667 F:0.01412
1 ROUGE-1 Eval D1032-A.M.100.F.1 R:0.01527 P:0.02564 F:0.01914
1 ROUGE-1 Eval D1033-A.M.100.F.1 R:0.02893 P:0.03804 F:0.03287
1 ROUGE-1 Eval D1034-A.M.100.F.1 R:0.00412 P:0.00556 F:0.00473
1 ROUGE-1 Eval D1035-A.M.100.G.1 R:0.00813 P:0.01111 F:0.00939
1 ROUGE-1 Eval D1036-A.M.100.G.1 R:0.03673 P:0.04412 F:0.04009
1 ROUGE-1 Eval D1037-A.M.100.G.1 R:0.00000 P:0.00000 F:0.00000
1 ROUGE-1 Eval D1038-A.M.100.G.1 R:0.01569 P:0.03333 F:0.02134
1 ROUGE-1 Eval D1039-A.M.100.G.1 R:0.02857 P:0.03977 F:0.03325
1 ROUGE-1 Eval D1040-A.M.100.G.1 R:0.01277 P:0.01531 F:0.01393
1 ROUGE-1 Eval D1041-A.M.100.H.1 R:0.00787 P:0.00980 F:0.00873
1 ROUGE-1 Eval D1042-A.M.100.H.1 R:0.00448 P:0.00694 F:0.00545
1 ROUGE-1 Eval D1043-A.M.100.H.1 R:0.04237 P:0.06579 F:0.05154
1 ROUGE-1 Eval D1044-A.M.100.H.1 R:0.00422 P:0.00806 F:0.00554
---------------------------------------------
1 ROUGE-2 Average_R: 0.00028 (95%-conf.int. 0.00000 - 0.00077)
1 ROUGE-2 Average_P: 0.00038 (95%-conf.int. 0.00000 - 0.00103)
1 ROUGE-2 Average_F: 0.00032 (95%-conf.int. 0.00000 - 0.00088)
.............................................
1 ROUGE-2 Eval D1001-A.M.100.A.1 R:0.00000 P:0.00000 F:0.00000
1 ROUGE-2 Eval D1002-A.M.100.A.1 R:0.00000 P:0.00000 F:0.00000
1 ROUGE-2 Eval D1003-A.M.100.A.1 R:0.00000 P:0.00000 F:0.00000
1 ROUGE-2 Eval D1004-A.M.100.A.1 R:0.00000 P:0.00000 F:0.00000
1 ROUGE-2 Eval D1005-A.M.100.A.1 R:0.00000 P:0.00000 F:0.00000
1 ROUGE-2 Eval D1006-A.M.100.A.1 R:0.00000 P:0.00000 F:0.00000
1 ROUGE-2 Eval D1007-A.M.100.B.1 R:0.00000 P:0.00000 F:0.00000
1 ROUGE-2 Eval D1008-A.M.100.B.1 R:0.00000 P:0.00000 F:0.00000
1 ROUGE-2 Eval D1009-A.M.100.B.1 R:0.00000 P:0.00000 F:0.00000
1 ROUGE-2 Eval D1010-A.M.100.B.1 R:0.00000 P:0.00000 F:0.00000
1 ROUGE-2 Eval D1011-A.M.100.C.1 R:0.00000 P:0.00000 F:0.00000
1 ROUGE-2 Eval D1012-A.M.100.C.1 R:0.00000 P:0.00000 F:0.00000
1 ROUGE-2 Eval D1013-A.M.100.C.1 R:0.00000 P:0.00000 F:0.00000
1 ROUGE-2 Eval D1014-A.M.100.C.1 R:0.00000 P:0.00000 F:0.00000
1 ROUGE-2 Eval D1015-A.M.100.C.1 R:0.00000 P:0.00000 F:0.00000
1 ROUGE-2 Eval D1016-A.M.100.C.1 R:0.00000 P:0.00000 F:0.00000
1 ROUGE-2 Eval D1017-A.M.100.D.1 R:0.00000 P:0.00000 F:0.00000
1 ROUGE-2 Eval D1018-A.M.100.D.1 R:0.00000 P:0.00000 F:0.00000
1 ROUGE-2 Eval D1019-A.M.100.D.1 R:0.00000 P:0.00000 F:0.00000
1 ROUGE-2 Eval D1020-A.M.100.D.1 R:0.00000 P:0.00000 F:0.00000
1 ROUGE-2 Eval D1021-A.M.100.D.1 R:0.00000 P:0.00000 F:0.00000
1 ROUGE-2 Eval D1022-A.M.100.D.1 R:0.00000 P:0.00000 F:0.00000
1 ROUGE-2 Eval D1023-A.M.100.E.1 R:0.00420 P:0.00543 F:0.00474
1 ROUGE-2 Eval D1024-A.M.100.E.1 R:0.00000 P:0.00000 F:0.00000
1 ROUGE-2 Eval D1025-A.M.100.E.1 R:0.00000 P:0.00000 F:0.00000
1 ROUGE-2 Eval D1026-A.M.100.E.1 R:0.00000 P:0.00000 F:0.00000
1 ROUGE-2 Eval D1027-A.M.100.E.1 R:0.00000 P:0.00000 F:0.00000
1 ROUGE-2 Eval D1028-A.M.100.E.1 R:0.00847 P:0.01190 F:0.00990
1 ROUGE-2 Eval D1029-A.M.100.F.1 R:0.00000 P:0.00000 F:0.00000
1 ROUGE-2 Eval D1030-A.M.100.F.1 R:0.00000 P:0.00000 F:0.00000
1 ROUGE-2 Eval D1031-A.M.100.F.1 R:0.00000 P:0.00000 F:0.00000
1 ROUGE-2 Eval D1032-A.M.100.F.1 R:0.00000 P:0.00000 F:0.00000
1 ROUGE-2 Eval D1033-A.M.100.F.1 R:0.00000 P:0.00000 F:0.00000
1 ROUGE-2 Eval D1034-A.M.100.F.1 R:0.00000 P:0.00000 F:0.00000
1 ROUGE-2 Eval D1035-A.M.100.G.1 R:0.00000 P:0.00000 F:0.00000
1 ROUGE-2 Eval D1036-A.M.100.G.1 R:0.00000 P:0.00000 F:0.00000
1 ROUGE-2 Eval D1037-A.M.100.G.1 R:0.00000 P:0.00000 F:0.00000
1 ROUGE-2 Eval D1038-A.M.100.G.1 R:0.00000 P:0.00000 F:0.00000
1 ROUGE-2 Eval D1039-A.M.100.G.1 R:0.00000 P:0.00000 F:0.00000
1 ROUGE-2 Eval D1040-A.M.100.G.1 R:0.00000 P:0.00000 F:0.00000
1 ROUGE-2 Eval D1041-A.M.100.H.1 R:0.00000 P:0.00000 F:0.00000
1 ROUGE-2 Eval D1042-A.M.100.H.1 R:0.00000 P:0.00000 F:0.00000
1 ROUGE-2 Eval D1043-A.M.100.H.1 R:0.00000 P:0.00000 F:0.00000
1 ROUGE-2 Eval D1044-A.M.100.H.1 R:0.00000 P:0.00000 F:0.00000
