---------------------------------------------
1 ROUGE-1 Average_R: 0.22305 (95%-conf.int. 0.20515 - 0.24038)
1 ROUGE-1 Average_P: 0.27468 (95%-conf.int. 0.25328 - 0.29554)
1 ROUGE-1 Average_F: 0.24547 (95%-conf.int. 0.22602 - 0.26370)
.............................................
1 ROUGE-1 Eval D1001-A.M.100.A.1 R:0.26337 P:0.36364 F:0.30549
1 ROUGE-1 Eval D1002-A.M.100.A.1 R:0.28870 P:0.33173 F:0.30872
1 ROUGE-1 Eval D1003-A.M.100.A.1 R:0.22511 P:0.26531 F:0.24356
1 ROUGE-1 Eval D1004-A.M.100.A.1 R:0.23967 P:0.25000 F:0.24473
1 ROUGE-1 Eval D1005-A.M.100.A.1 R:0.18852 P:0.26136 F:0.21904
1 ROUGE-1 Eval D1006-A.M.100.A.1 R:0.24138 P:0.38415 F:0.29647
1 ROUGE-1 Eval D1007-A.M.100.B.1 R:0.24444 P:0.31250 F:0.27431
1 ROUGE-1 Eval D1008-A.M.100.B.1 R:0.14516 P:0.19565 F:0.16667
1 ROUGE-1 Eval D1009-A.M.100.B.1 R:0.25664 P:0.40278 F:0.31352
1 ROUGE-1 Eval D1010-A.M.100.B.1 R:0.16800 P:0.20588 F:0.18502
1 ROUGE-1 Eval D1011-A.M.100.C.1 R:0.14655 P:0.16346 F:0.15454
1 ROUGE-1 Eval D1012-A.M.100.C.1 R:0.35366 P:0.39545 F:0.37339
1 ROUGE-1 Eval D1013-A.M.100.C.1 R:0.22088 P:0.27500 F:0.24499
1 ROUGE-1 Eval D1014-A.M.100.C.1 R:0.16318 P:0.18750 F:0.17450
1 ROUGE-1 Eval D1015-A.M.100.C.1 R:0.31698 P:0.37500 F:0.34356
1 ROUGE-1 Eval D1016-A.M.100.C.1 R:0.21076 P:0.29375 F:0.24543
1 ROUGE-1 Eval D1017-A.M.100.D.1 R:0.23673 P:0.24576 F:0.24116
1 ROUGE-1 Eval D1018-A.M.100.D.1 R:0.11715 P:0.14894 F:0.13115
1 ROUGE-1 Eval D1019-A.M.100.D.1 R:0.20000 P:0.26087 F:0.22642
1 ROUGE-1 Eval D1020-A.M.100.D.1 R:0.22727 P:0.26961 F:0.24664
1 ROUGE-1 Eval D1021-A.M.100.D.1 R:0.28814 P:0.34694 F:0.31482
1 ROUGE-1 Eval D1022-A.M.100.D.1 R:0.19665 P:0.24479 F:0.21810
1 ROUGE-1 Eval D1023-A.M.100.E.1 R:0.15702 P:0.17273 F:0.16450
1 ROUGE-1 Eval D1024-A.M.100.E.1 R:0.23750 P:0.29688 F:0.26389
1 ROUGE-1 Eval D1025-A.M.100.E.1 R:0.24779 P:0.29167 F:0.26795
1 ROUGE-1 Eval D1026-A.M.100.E.1 R:0.21368 P:0.25000 F:0.23042
1 ROUGE-1 Eval D1027-A.M.100.E.1 R:0.30159 P:0.34545 F:0.32203
1 ROUGE-1 Eval D1028-A.M.100.E.1 R:0.28750 P:0.34500 F:0.31364
1 ROUGE-1 Eval D1029-A.M.100.F.1 R:0.25417 P:0.26754 F:0.26068
1 ROUGE-1 Eval D1030-A.M.100.F.1 R:0.13095 P:0.20122 F:0.15865
1 ROUGE-1 Eval D1031-A.M.100.F.1 R:0.16735 P:0.19340 F:0.17943
1 ROUGE-1 Eval D1032-A.M.100.F.1 R:0.29771 P:0.36792 F:0.32911
1 ROUGE-1 Eval D1033-A.M.100.F.1 R:0.24793 P:0.23077 F:0.23904
1 ROUGE-1 Eval D1034-A.M.100.F.1 R:0.10288 P:0.14535 F:0.12048
1 ROUGE-1 Eval D1035-A.M.100.G.1 R:0.26829 P:0.30000 F:0.28326
1 ROUGE-1 Eval D1036-A.M.100.G.1 R:0.20816 P:0.28333 F:0.24000
1 ROUGE-1 Eval D1037-A.M.100.G.1 R:0.19907 P:0.24432 F:0.21939
1 ROUGE-1 Eval D1038-A.M.100.G.1 R:0.21569 P:0.29255 F:0.24831
1 ROUGE-1 Eval D1039-A.M.100.G.1 R:0.28980 P:0.36224 F:0.32200
1 ROUGE-1 Eval D1040-A.M.100.G.1 R:0.09787 P:0.13372 F:0.11302
1 ROUGE-1 Eval D1041-A.M.100.H.1 R:0.19291 P:0.22273 F:0.20675
1 ROUGE-1 Eval D1042-A.M.100.H.1 R:0.23767 P:0.28191 F:0.25791
1 ROUGE-1 Eval D1043-A.M.100.H.1 R:0.33475 P:0.38725 F:0.35909
1 ROUGE-1 Eval D1044-A.M.100.H.1 R:0.28270 P:0.39881 F:0.33086
1 ROUGE-1 Eval D1045-A.M.100.H.1 R:0.16535 P:0.20588 F:0.18340
1 ROUGE-1 Eval D1046-A.M.100.H.1 R:0.18504 P:0.23500 F:0.20705
---------------------------------------------
1 ROUGE-2 Average_R: 0.05427 (95%-conf.int. 0.04508 - 0.06400)
1 ROUGE-2 Average_P: 0.06700 (95%-conf.int. 0.05596 - 0.07896)
1 ROUGE-2 Average_F: 0.05981 (95%-conf.int. 0.04975 - 0.07038)
.............................................
1 ROUGE-2 Eval D1001-A.M.100.A.1 R:0.05858 P:0.08140 F:0.06813
1 ROUGE-2 Eval D1002-A.M.100.A.1 R:0.10213 P:0.11765 F:0.10934
1 ROUGE-2 Eval D1003-A.M.100.A.1 R:0.05286 P:0.06250 F:0.05728
1 ROUGE-2 Eval D1004-A.M.100.A.1 R:0.04622 P:0.04825 F:0.04721
1 ROUGE-2 Eval D1005-A.M.100.A.1 R:0.02917 P:0.04070 F:0.03398
1 ROUGE-2 Eval D1006-A.M.100.A.1 R:0.06226 P:0.10000 F:0.07674
1 ROUGE-2 Eval D1007-A.M.100.B.1 R:0.07692 P:0.09884 F:0.08651
1 ROUGE-2 Eval D1008-A.M.100.B.1 R:0.02049 P:0.02778 F:0.02358
1 ROUGE-2 Eval D1009-A.M.100.B.1 R:0.07658 P:0.12143 F:0.09393
1 ROUGE-2 Eval D1010-A.M.100.B.1 R:0.05285 P:0.06500 F:0.05830
1 ROUGE-2 Eval D1011-A.M.100.C.1 R:0.03509 P:0.03922 F:0.03704
1 ROUGE-2 Eval D1012-A.M.100.C.1 R:0.08678 P:0.09722 F:0.09170
1 ROUGE-2 Eval D1013-A.M.100.C.1 R:0.05306 P:0.06633 F:0.05896
1 ROUGE-2 Eval D1014-A.M.100.C.1 R:0.02128 P:0.02451 F:0.02278
1 ROUGE-2 Eval D1015-A.M.100.C.1 R:0.12644 P:0.15000 F:0.13722
1 ROUGE-2 Eval D1016-A.M.100.C.1 R:0.05023 P:0.07051 F:0.05867
1 ROUGE-2 Eval D1017-A.M.100.D.1 R:0.03734 P:0.03879 F:0.03805
1 ROUGE-2 Eval D1018-A.M.100.D.1 R:0.01277 P:0.01630 F:0.01432
1 ROUGE-2 Eval D1019-A.M.100.D.1 R:0.02119 P:0.02778 F:0.02404
1 ROUGE-2 Eval D1020-A.M.100.D.1 R:0.03782 P:0.04500 F:0.04110
1 ROUGE-2 Eval D1021-A.M.100.D.1 R:0.09483 P:0.11458 F:0.10377
1 ROUGE-2 Eval D1022-A.M.100.D.1 R:0.05957 P:0.07447 F:0.06619
1 ROUGE-2 Eval D1023-A.M.100.E.1 R:0.01261 P:0.01389 F:0.01322
1 ROUGE-2 Eval D1024-A.M.100.E.1 R:0.07203 P:0.09043 F:0.08019
1 ROUGE-2 Eval D1025-A.M.100.E.1 R:0.06306 P:0.07447 F:0.06829
1 ROUGE-2 Eval D1026-A.M.100.E.1 R:0.02609 P:0.03061 F:0.02817
1 ROUGE-2 Eval D1027-A.M.100.E.1 R:0.07258 P:0.08333 F:0.07758
1 ROUGE-2 Eval D1028-A.M.100.E.1 R:0.07627 P:0.09184 F:0.08333
1 ROUGE-2 Eval D1029-A.M.100.F.1 R:0.05932 P:0.06250 F:0.06087
1 ROUGE-2 Eval D1030-A.M.100.F.1 R:0.01613 P:0.02500 F:0.01961
1 ROUGE-2 Eval D1031-A.M.100.F.1 R:0.04149 P:0.04808 F:0.04454
1 ROUGE-2 Eval D1032-A.M.100.F.1 R:0.10853 P:0.13462 F:0.12018
1 ROUGE-2 Eval D1033-A.M.100.F.1 R:0.02941 P:0.02734 F:0.02834
1 ROUGE-2 Eval D1034-A.M.100.F.1 R:0.00418 P:0.00595 F:0.00491
1 ROUGE-2 Eval D1035-A.M.100.G.1 R:0.05785 P:0.06481 F:0.06113
1 ROUGE-2 Eval D1036-A.M.100.G.1 R:0.02905 P:0.03977 F:0.03358
1 ROUGE-2 Eval D1037-A.M.100.G.1 R:0.03774 P:0.04651 F:0.04167
1 ROUGE-2 Eval D1038-A.M.100.G.1 R:0.06375 P:0.08696 F:0.07357
1 ROUGE-2 Eval D1039-A.M.100.G.1 R:0.09544 P:0.11979 F:0.10624
1 ROUGE-2 Eval D1040-A.M.100.G.1 R:0.00866 P:0.01190 F:0.01002
1 ROUGE-2 Eval D1041-A.M.100.H.1 R:0.07600 P:0.08796 F:0.08154
1 ROUGE-2 Eval D1042-A.M.100.H.1 R:0.07763 P:0.09239 F:0.08437
1 ROUGE-2 Eval D1043-A.M.100.H.1 R:0.15517 P:0.18000 F:0.16667
1 ROUGE-2 Eval D1044-A.M.100.H.1 R:0.06009 P:0.08537 F:0.07053
1 ROUGE-2 Eval D1045-A.M.100.H.1 R:0.00800 P:0.01000 F:0.00889
1 ROUGE-2 Eval D1046-A.M.100.H.1 R:0.04000 P:0.05102 F:0.04484
